Determining if the pthread_create exist failed with the following output:
Change Dir: /home/jetbot/jetbot_sangyy/CMakeFiles/CMakeTmp

Run Build Command:"/usr/bin/make" "cmTC_52d96/fast"
/usr/bin/make -f CMakeFiles/cmTC_52d96.dir/build.make CMakeFiles/cmTC_52d96.dir/build
make[1]: Entering directory '/home/jetbot/jetbot_sangyy/CMakeFiles/CMakeTmp'
Building C object CMakeFiles/cmTC_52d96.dir/CheckSymbolExists.c.o
/usr/bin/cc   -fPIC    -o CMakeFiles/cmTC_52d96.dir/CheckSymbolExists.c.o   -c /home/jetbot/jetbot_sangyy/CMakeFiles/CMakeTmp/CheckSymbolExists.c
Linking C executable cmTC_52d96
/usr/bin/cmake -E cmake_link_script CMakeFiles/cmTC_52d96.dir/link.txt --verbose=1
/usr/bin/cc -fPIC     -rdynamic CMakeFiles/cmTC_52d96.dir/CheckSymbolExists.c.o  -o cmTC_52d96 
CMakeFiles/cmTC_52d96.dir/CheckSymbolExists.c.o: In function `main':
CheckSymbolExists.c:(.text+0x14): undefined reference to `pthread_create'
CheckSymbolExists.c:(.text+0x18): undefined reference to `pthread_create'
collect2: error: ld returned 1 exit status
CMakeFiles/cmTC_52d96.dir/build.make:97: recipe for target 'cmTC_52d96' failed
make[1]: *** [cmTC_52d96] Error 1
make[1]: Leaving directory '/home/jetbot/jetbot_sangyy/CMakeFiles/CMakeTmp'
Makefile:126: recipe for target 'cmTC_52d96/fast' failed
make: *** [cmTC_52d96/fast] Error 2

File /home/jetbot/jetbot_sangyy/CMakeFiles/CMakeTmp/CheckSymbolExists.c:
/* */
#include <pthread.h>

int main(int argc, char** argv)
{
  (void)argv;
#ifndef pthread_create
  return ((int*)(&pthread_create))[argc];
#else
  (void)argc;
  return 0;
#endif
}

Determining if the function pthread_create exists in the pthreads failed with the following output:
Change Dir: /home/jetbot/jetbot_sangyy/CMakeFiles/CMakeTmp

Run Build Command:"/usr/bin/make" "cmTC_2a420/fast"
/usr/bin/make -f CMakeFiles/cmTC_2a420.dir/build.make CMakeFiles/cmTC_2a420.dir/build
make[1]: Entering directory '/home/jetbot/jetbot_sangyy/CMakeFiles/CMakeTmp'
Building C object CMakeFiles/cmTC_2a420.dir/CheckFunctionExists.c.o
/usr/bin/cc   -fPIC -DCHECK_FUNCTION_EXISTS=pthread_create   -o CMakeFiles/cmTC_2a420.dir/CheckFunctionExists.c.o   -c /usr/share/cmake-3.10/Modules/CheckFunctionExists.c
Linking C executable cmTC_2a420
/usr/bin/cmake -E cmake_link_script CMakeFiles/cmTC_2a420.dir/link.txt --verbose=1
/usr/bin/cc -fPIC -DCHECK_FUNCTION_EXISTS=pthread_create    -rdynamic CMakeFiles/cmTC_2a420.dir/CheckFunctionExists.c.o  -o cmTC_2a420 -lpthreads 
/usr/bin/ld: cannot find -lpthreads
collect2: error: ld returned 1 exit status
CMakeFiles/cmTC_2a420.dir/build.make:97: recipe for target 'cmTC_2a420' failed
make[1]: *** [cmTC_2a420] Error 1
make[1]: Leaving directory '/home/jetbot/jetbot_sangyy/CMakeFiles/CMakeTmp'
Makefile:126: recipe for target 'cmTC_2a420/fast' failed
make: *** [cmTC_2a420/fast] Error 2


